0 info it worked if it ends with ok
1 verbose cli [ 'G:\\Program Files (x86)\\NodeJs\\node.exe',
1 verbose cli   'C:\\Users\\YOGRAJ\\AppData\\Roaming\\npm\\node_modules\\npm\\bin\\npm-cli.js',
1 verbose cli   'run',
1 verbose cli   'start' ]
2 info using npm@3.10.8
3 info using node@v4.5.0
4 verbose run-script [ 'prestart', 'start', 'poststart' ]
5 info lifecycle angular-drag-and-drop-lists@1.4.0~prestart: angular-drag-and-drop-lists@1.4.0
6 silly lifecycle angular-drag-and-drop-lists@1.4.0~prestart: no script for prestart, continuing
7 info lifecycle angular-drag-and-drop-lists@1.4.0~start: angular-drag-and-drop-lists@1.4.0
8 verbose lifecycle angular-drag-and-drop-lists@1.4.0~start: unsafe-perm in lifecycle true
9 verbose lifecycle angular-drag-and-drop-lists@1.4.0~start: PATH: C:\Users\YOGRAJ\AppData\Roaming\npm\node_modules\npm\bin\node-gyp-bin;G:\code sample1\MyGitHubRepository\angular-drag-and-drop-lists\node_modules\.bin;C:\Users\YOGRAJ\AppData\Roaming\npm;G:\Program Files (x86)\NodeJs\;C:\ProgramData\Oracle\Java\javapath;G:\Program Files\Python27\;G:\Program Files\Python27\Scripts;C:\Program Files (x86)\PC Connectivity Solution\;c:\Program Files (x86)\Intel\iCLS Client\;c:\Program Files\Intel\iCLS Client\;C:\Windows\system32;C:\Windows;C:\Windows\System32\Wbem;C:\Windows\System32\WindowsPowerShell\v1.0\;C:\Program Files\Intel\Intel(R) Management Engine Components\DAL;C:\Program Files\Intel\Intel(R) Management Engine Components\IPT;C:\Program Files (x86)\Intel\Intel(R) Management Engine Components\DAL;C:\Program Files (x86)\Intel\Intel(R) Management Engine Components\IPT;C:\Program Files (x86)\Microsoft SQL Server\90\Tools\binn\;C:\Program Files (x86)\Microsoft ASP.NET\ASP.NET Web Pages\v1.0\;C:\Program Files (x86)\Microsoft SQL Server\100\Tools\Binn\;C:\Program Files\Microsoft SQL Server\100\Tools\Binn\;C:\Program Files\Microsoft SQL Server\100\DTS\Binn\;C:\Program Files (x86)\Microsoft SQL Server\100\Tools\Binn\VSShell\Common7\IDE\;C:\Program Files (x86)\Microsoft Visual Studio 9.0\Common7\IDE\PrivateAssemblies\;C:\Program Files (x86)\Microsoft SQL Server\100\DTS\Binn\;C:\Program Files\Microsoft\Web Platform Installer\;C:\Program Files (x86)\Windows Kits\8.0\Windows Performance Toolkit\;C:\Program Files\Microsoft SQL Server\110\Tools\Binn\;C:\Users\YOGRAJ\AppData\Local\GitHub\PortableGit_c2ba306e536fdf878271f7fe636a147ff37326ad\bin;C:\Program Files (x86)\Skype\Phone\;C:\Users\YOGRAJ\.dnx\bin;C:\Program Files\Microsoft DNX\Dnvm\;C:\Program Files\Git\cmd;C:\Program Files\Microsoft SQL Server\130\Tools\Binn\;G:\Program Files (x86)\NodeJs\;C:\Program Files (x86)\IronRuby 1.1\bin;E:\Selenium external libs java\apache-maven-3.3.9-bin\apache-maven-3.3.9\bin;C:\Users\YOGRAJ\.dnx\bin;G:\Program Files\Microsoft VS Code\bin;G:\Program Files (x86)\Nuget CommandLine;C:\Users\YOGRAJ\AppData\Roaming\npm
10 verbose lifecycle angular-drag-and-drop-lists@1.4.0~start: CWD: G:\code sample1\MyGitHubRepository\angular-drag-and-drop-lists
11 silly lifecycle angular-drag-and-drop-lists@1.4.0~start: Args: [ '/d /s /c', 'http-server -p 8000' ]
12 silly lifecycle angular-drag-and-drop-lists@1.4.0~start: Returned: code: 1  signal: null
13 info lifecycle angular-drag-and-drop-lists@1.4.0~start: Failed to exec start script
14 verbose stack Error: angular-drag-and-drop-lists@1.4.0 start: `http-server -p 8000`
14 verbose stack Exit status 1
14 verbose stack     at EventEmitter.<anonymous> (C:\Users\YOGRAJ\AppData\Roaming\npm\node_modules\npm\lib\utils\lifecycle.js:255:16)
14 verbose stack     at emitTwo (events.js:87:13)
14 verbose stack     at EventEmitter.emit (events.js:172:7)
14 verbose stack     at ChildProcess.<anonymous> (C:\Users\YOGRAJ\AppData\Roaming\npm\node_modules\npm\lib\utils\spawn.js:40:14)
14 verbose stack     at emitTwo (events.js:87:13)
14 verbose stack     at ChildProcess.emit (events.js:172:7)
14 verbose stack     at maybeClose (internal/child_process.js:829:16)
14 verbose stack     at Process.ChildProcess._handle.onexit (internal/child_process.js:211:5)
15 verbose pkgid angular-drag-and-drop-lists@1.4.0
16 verbose cwd G:\code sample1\MyGitHubRepository\angular-drag-and-drop-lists
17 error Windows_NT 6.3.9600
18 error argv "G:\\Program Files (x86)\\NodeJs\\node.exe" "C:\\Users\\YOGRAJ\\AppData\\Roaming\\npm\\node_modules\\npm\\bin\\npm-cli.js" "run" "start"
19 error node v4.5.0
20 error npm  v3.10.8
21 error code ELIFECYCLE
22 error angular-drag-and-drop-lists@1.4.0 start: `http-server -p 8000`
22 error Exit status 1
23 error Failed at the angular-drag-and-drop-lists@1.4.0 start script 'http-server -p 8000'.
23 error Make sure you have the latest version of node.js and npm installed.
23 error If you do, this is most likely a problem with the angular-drag-and-drop-lists package,
23 error not with npm itself.
23 error Tell the author that this fails on your system:
23 error     http-server -p 8000
23 error You can get information on how to open an issue for this project with:
23 error     npm bugs angular-drag-and-drop-lists
23 error Or if that isn't available, you can get their info via:
23 error     npm owner ls angular-drag-and-drop-lists
23 error There is likely additional logging output above.
24 verbose exit [ 1, true ]
